Arguments: 
  C:\Program Files\nodejs\node.exe C:\Users\I742373\AppData\Roaming\npm\node_modules\yarn\bin\yarn.js add k6/x/uuid

PATH: 
  C:\Program Files\PowerShell\7;C:\Python311\Scripts\;C:\Python311\;C:\Program Files\SapMachine\JDK\20\bin;C:\Windows\system32;C:\Windows;C:\Windows\System32\Wbem;C:\Windows\System32\WindowsPowerShell\v1.0\;C:\Windows\System32\OpenSSH\;C:\Program Files\Cloud Foundry;C:\Program Files\GitHub CLI\;C:\ProgramData\chocolatey\bin;C:\Program Files\Docker\Docker\resources\bin;C:\Program Files\OpenSSL-Win64;C:\Program Files\Git\cmd;C:\ProgramData\chocolatey\lib\maven\apache-maven-3.9.5\bin;C:\ProgramData\nvm;C:\Program Files\nodejs;C:\Program Files\PowerShell\7\;C:\Users\I742373\AppData\Local\Microsoft\WindowsApps;C:\Users\I742373\AppData\Local\Programs\Microsoft VS Code\bin;C:\Users\I742373\AppData\Roaming\npm;C:\Program Files\OpenSSL-Win64;C:\Users\I742373\AppData\Local\Programs\oh-my-posh\bin;C:\ProgramData\nvm;C:\Program Files\nodejs;C:\Program Files\Notepad++;

Yarn version: 
  1.22.19

Node version: 
  18.18.0

Platform: 
  win32 x64

Trace: 
  Error: https://registry.yarnpkg.com/k6%2fx/uuid: Request "https://registry.yarnpkg.com/k6%2fx/uuid" returned a 405
      at params.callback [as _callback] (C:\Users\I742373\AppData\Roaming\npm\node_modules\yarn\lib\cli.js:66154:18)
      at self.callback (C:\Users\I742373\AppData\Roaming\npm\node_modules\yarn\lib\cli.js:140890:22)
      at Request.emit (node:events:517:28)
      at Request.<anonymous> (C:\Users\I742373\AppData\Roaming\npm\node_modules\yarn\lib\cli.js:141862:10)
      at Request.emit (node:events:517:28)
      at IncomingMessage.<anonymous> (C:\Users\I742373\AppData\Roaming\npm\node_modules\yarn\lib\cli.js:141784:12)
      at Object.onceWrapper (node:events:631:28)
      at IncomingMessage.emit (node:events:529:35)
      at endReadableNT (node:internal/streams/readable:1368:12)
      at process.processTicksAndRejections (node:internal/process/task_queues:82:21)

npm manifest: 
  {
    "dependencies": {
      "react-uuid": "^2.0.0",
      "uuid": "^9.0.1"
    }
  }

yarn manifest: 
  No manifest

Lockfile: 
  # THIS IS AN AUTOGENERATED FILE. DO NOT EDIT THIS FILE DIRECTLY.
  # yarn lockfile v1
  
  
  react-uuid@^2.0.0:
    version "2.0.0"
    resolved "https://registry.yarnpkg.com/react-uuid/-/react-uuid-2.0.0.tgz#e3c97e190db9eef53cb9dacfcc7314d913a411fa"
    integrity sha512-FNUH/8WR/FEtx0Bu6gmt1eONfc413hhvrEXFWUSFGvznUhI4dYoVZA09p7JHoTpnM4WC2D/bG2YSxGKXF4oVLg==
  
  uuid@^9.0.1:
    version "9.0.1"
    resolved "https://registry.yarnpkg.com/uuid/-/uuid-9.0.1.tgz#e188d4c8853cc722220392c424cd637f32293f30"
    integrity sha512-b+1eJOlsR9K8HJpow9Ok3fiWOWSIcIzXodvv0rQjVoOVNpWMpxf1wZNpt4y9h10odCNrqnYp1OBzRktckBe3sA==
